<?xml version="1.0" encoding="UTF-8"?>
<testng-results ignored="0" total="1" passed="0" failed="1" skipped="0">
  <reporter-output>
  </reporter-output>
  <suite started-at="2020-11-02T15:38:12 IST" name="Default suite" finished-at="2020-11-02T15:38:30 IST" duration-ms="18167">
    <groups>
    </groups>
    <test started-at="2020-11-02T15:38:12 IST" name="Default test" finished-at="2020-11-02T15:38:30 IST" duration-ms="18167">
      <class name="Testcases.Logintest">
        <test-method signature="logintest()[pri:1, instance:Testcases.Logintest@49438269]" started-at="2020-11-02T15:38:12 IST" name="logintest" finished-at="2020-11-02T15:38:26 IST" duration-ms="13995" status="FAIL">
          <exception class="java.lang.RuntimeException">
            <message>
              <![CDATA[java.lang.InstantiationException: com.qa.pages.Landingpage]]>
            </message>
            <full-stacktrace>
              <![CDATA[java.lang.RuntimeException: java.lang.InstantiationException: com.qa.pages.Landingpage
at org.openqa.selenium.support.PageFactory.instantiatePage(PageFactory.java:134)
at org.openqa.selenium.support.PageFactory.initElements(PageFactory.java:64)
at com.Base.BaseTestClass.openwebsite(BaseTestClass.java:121)
at Testcases.Logintest.logintest(Logintest.java:30)
at java.base/jdk.internal.reflect.NativeMethodAccessorImpl.invoke0(Native Method)
at java.base/jdk.internal.reflect.NativeMethodAccessorImpl.invoke(NativeMethodAccessorImpl.java:62)
at java.base/jdk.internal.reflect.DelegatingMethodAccessorImpl.invoke(DelegatingMethodAccessorImpl.java:43)
at java.base/java.lang.reflect.Method.invoke(Method.java:564)
at org.testng.internal.MethodInvocationHelper.invokeMethod(MethodInvocationHelper.java:135)
at org.testng.internal.TestInvoker.invokeMethod(TestInvoker.java:598)
at org.testng.internal.TestInvoker.invokeTestMethod(TestInvoker.java:174)
at org.testng.internal.MethodRunner.runInSequence(MethodRunner.java:46)
at org.testng.internal.TestInvoker$MethodInvocationAgent.invoke(TestInvoker.java:821)
at org.testng.internal.TestInvoker.invokeTestMethods(TestInvoker.java:147)
at org.testng.internal.TestMethodWorker.invokeTestMethods(TestMethodWorker.java:146)
at org.testng.internal.TestMethodWorker.run(TestMethodWorker.java:128)
at java.base/java.util.ArrayList.forEach(ArrayList.java:1510)
at org.testng.TestRunner.privateRun(TestRunner.java:767)
at org.testng.TestRunner.run(TestRunner.java:588)
at org.testng.SuiteRunner.runTest(SuiteRunner.java:384)
at org.testng.SuiteRunner.runSequentially(SuiteRunner.java:378)
at org.testng.SuiteRunner.privateRun(SuiteRunner.java:337)
at org.testng.SuiteRunner.run(SuiteRunner.java:286)
at org.testng.SuiteRunnerWorker.runSuite(SuiteRunnerWorker.java:53)
at org.testng.SuiteRunnerWorker.run(SuiteRunnerWorker.java:96)
at org.testng.TestNG.runSuitesSequentially(TestNG.java:1214)
at org.testng.TestNG.runSuitesLocally(TestNG.java:1136)
at org.testng.TestNG.runSuites(TestNG.java:1066)
at org.testng.TestNG.run(TestNG.java:1034)
at org.testng.remote.AbstractRemoteTestNG.run(AbstractRemoteTestNG.java:115)
at org.testng.remote.RemoteTestNG.initAndRun(RemoteTestNG.java:251)
at org.testng.remote.RemoteTestNG.main(RemoteTestNG.java:77)
Caused by: java.lang.InstantiationException: com.qa.pages.Landingpage
at java.base/java.lang.Class.newInstance(Class.java:598)
at org.openqa.selenium.support.PageFactory.instantiatePage(PageFactory.java:131)
... 31 more
Caused by: java.lang.NoSuchMethodException: com.qa.pages.Landingpage.<init>()
at java.base/java.lang.Class.getConstructor0(Class.java:3427)
at java.base/java.lang.Class.newInstance(Class.java:585)
... 32 more
]]>
            </full-stacktrace>
          </exception> <!-- java.lang.RuntimeException -->
          <reporter-output>
          </reporter-output>
        </test-method> <!-- logintest -->
        <test-method is-config="true" signature="flushReports()[pri:0, instance:Testcases.Logintest@49438269]" started-at="2020-11-02T15:38:26 IST" name="flushReports" finished-at="2020-11-02T15:38:30 IST" duration-ms="4135" status="PASS">
          <reporter-output>
          </reporter-output>
        </test-method> <!-- flushReports -->
      </class> <!-- Testcases.Logintest -->
    </test> <!-- Default test -->
  </suite> <!-- Default suite -->
</testng-results>
